<?xml version="1.0" encoding="UTF-8"?>
<testsuite xmlns:xsi="http://www.w3.org/2001/XMLSchema-instance" xsi:noNamespaceSchemaLocation="https://maven.apache.org/surefire/maven-surefire-plugin/xsd/surefire-test-report-3.0.xsd" version="3.0" name="LoanServiceTest" time="0.095" tests="1" errors="1" skipped="0" failures="0">
  <properties>
[...]
</properties>
  <testcase name="shouldRejectLoanWhenBorrowerNotVerified" classname="LoanServiceTest" time="0.06">
    <error message="Borrower not verified" type="java.lang.IllegalArgumentException"><![CDATA[java.lang.IllegalArgumentException: Borrower not verified
	at com.p2p.service.LoanService.createLoan(LoanService.java:10)
	at LoanServiceTest.shouldRejectLoanWhenBorrowerNotVerified(LoanServiceTest.java:28)
	at java.base/java.lang.reflect.Method.invoke(Method.java:565)
	at java.base/java.util.ArrayList.forEach(ArrayList.java:1604)
	at java.base/java.util.ArrayList.forEach(ArrayList.java:1604)
]]></error>
  </testcase>
</testsuite>